0 info it worked if it ends with ok
1 verbose cli [ '/usr/bin/nodejs',
1 verbose cli   '/usr/bin/npm',
1 verbose cli   'install',
1 verbose cli   '-g',
1 verbose cli   'localtunnel' ]
2 info using npm@1.3.10
3 info using node@v0.10.25
4 verbose cache add [ 'localtunnel', null ]
5 verbose cache add name=undefined spec="localtunnel" args=["localtunnel",null]
6 verbose parsed url { protocol: null,
6 verbose parsed url   slashes: null,
6 verbose parsed url   auth: null,
6 verbose parsed url   host: null,
6 verbose parsed url   port: null,
6 verbose parsed url   hostname: null,
6 verbose parsed url   hash: null,
6 verbose parsed url   search: null,
6 verbose parsed url   query: null,
6 verbose parsed url   pathname: 'localtunnel',
6 verbose parsed url   path: 'localtunnel',
6 verbose parsed url   href: 'localtunnel' }
7 silly lockFile a0661bc8-localtunnel localtunnel
8 verbose lock localtunnel /home/shubham/.npm/a0661bc8-localtunnel.lock
9 silly lockFile a0661bc8-localtunnel localtunnel
10 silly lockFile a0661bc8-localtunnel localtunnel
11 verbose addNamed [ 'localtunnel', '' ]
12 verbose addNamed [ null, '*' ]
13 silly lockFile c752cf78-localtunnel localtunnel@
14 verbose lock localtunnel@ /home/shubham/.npm/c752cf78-localtunnel.lock
15 silly addNameRange { name: 'localtunnel', range: '*', hasData: false }
16 verbose url raw localtunnel
17 verbose url resolving [ 'https://registry.npmjs.org/', './localtunnel' ]
18 verbose url resolved https://registry.npmjs.org/localtunnel
19 info trying registry request attempt 1 at 18:15:41
20 verbose etag "BJFELZYDZJFSZRJULNEUDYKMM"
21 http GET https://registry.npmjs.org/localtunnel
22 http 304 https://registry.npmjs.org/localtunnel
23 silly registry.get cb [ 304,
23 silly registry.get   { date: 'Wed, 29 Jun 2016 12:45:41 GMT',
23 silly registry.get     via: '1.1 varnish',
23 silly registry.get     'cache-control': 'max-age=300',
23 silly registry.get     etag: '"BJFELZYDZJFSZRJULNEUDYKMM"',
23 silly registry.get     age: '260',
23 silly registry.get     connection: 'keep-alive',
23 silly registry.get     'x-served-by': 'cache-sin6922-SIN',
23 silly registry.get     'x-cache': 'HIT',
23 silly registry.get     'x-cache-hits': '3',
23 silly registry.get     'x-timer': 'S1467204341.382163,VS0,VE0',
23 silly registry.get     vary: 'Accept-Encoding' } ]
24 verbose etag localtunnel from cache
25 silly addNameRange number 2 { name: 'localtunnel', range: '*', hasData: true }
26 silly addNameRange versions [ 'localtunnel',
26 silly addNameRange   [ '0.0.0',
26 silly addNameRange     '0.0.1',
26 silly addNameRange     '0.0.2',
26 silly addNameRange     '0.0.3',
26 silly addNameRange     '0.0.4',
26 silly addNameRange     '0.1.0',
26 silly addNameRange     '0.1.1',
26 silly addNameRange     '0.1.2',
26 silly addNameRange     '0.1.3',
26 silly addNameRange     '0.2.0',
26 silly addNameRange     '0.2.1',
26 silly addNameRange     '0.2.2',
26 silly addNameRange     '1.0.0',
26 silly addNameRange     '1.1.0',
26 silly addNameRange     '1.1.1',
26 silly addNameRange     '1.1.2',
26 silly addNameRange     '1.2.0',
26 silly addNameRange     '1.3.0',
26 silly addNameRange     '1.4.0',
26 silly addNameRange     '1.5.0',
26 silly addNameRange     '1.5.1',
26 silly addNameRange     '1.6.0',
26 silly addNameRange     '1.7.0',
26 silly addNameRange     '1.8.0',
26 silly addNameRange     '1.8.1' ] ]
27 verbose addNamed [ 'localtunnel', '1.8.1' ]
28 verbose addNamed [ '1.8.1', '1.8.1' ]
29 silly lockFile c9daa0d1-localtunnel-1-8-1 localtunnel@1.8.1
30 verbose lock localtunnel@1.8.1 /home/shubham/.npm/c9daa0d1-localtunnel-1-8-1.lock
31 silly lockFile c9daa0d1-localtunnel-1-8-1 localtunnel@1.8.1
32 silly lockFile c9daa0d1-localtunnel-1-8-1 localtunnel@1.8.1
33 silly lockFile c752cf78-localtunnel localtunnel@
34 silly lockFile c752cf78-localtunnel localtunnel@
35 silly resolved [ { author: { name: 'Roman Shtylman', email: 'shtylman@gmail.com' },
35 silly resolved     name: 'localtunnel',
35 silly resolved     description: 'expose localhost to the world',
35 silly resolved     version: '1.8.1',
35 silly resolved     license: 'MIT',
35 silly resolved     repository:
35 silly resolved      { type: 'git',
35 silly resolved        url: 'git://github.com/shtylman/localtunnel.git' },
35 silly resolved     dependencies:
35 silly resolved      { request: '2.65.0',
35 silly resolved        yargs: '3.29.0',
35 silly resolved        debug: '2.2.0',
35 silly resolved        openurl: '1.1.0' },
35 silly resolved     devDependencies: { mocha: '~1.17.0' },
35 silly resolved     scripts: { test: 'mocha --ui qunit --reporter list --timeout 10000 -- test/index.js' },
35 silly resolved     bin: { lt: './bin/client' },
35 silly resolved     main: './client.js',
35 silly resolved     readme: '# localtunnel\n\n[![Build Status](https://travis-ci.org/localtunnel/localtunnel.svg?branch=master)](https://travis-ci.org/localtunnel/localtunnel)\n\nlocaltunnel exposes your localhost to the world for easy testing and sharing! No need to mess with DNS or deploy just to have others test out your changes.\n\nGreat for working with browser testing tools like browserling or external api callback services like twilio which require a public url for callbacks.\n\n## installation ##\n\n```\nnpm install -g localtunnel\n```\n\nThis will install the localtunnel module globally and add the \'lt\' client cli tool to your PATH.\n\n## use ##\n\nAssuming your local server is running on port 8000, just use the ```lt``` command to start the tunnel.\n\n```\nlt --port 8000\n```\n\nThats it! It will connect to the tunnel server, setup the tunnel, and tell you what url to use for your testing. This url will remain active for the duration of your session; so feel free to share it with others for happy fun time!\n\nYou can restart your local server all you want, ```lt``` is smart enough to detect this and reconnect once it is back.\n\n### arguments\n\nBelow are some common arguments. See `lt --help` for additional arguments\n\n* `--subdomain` request a named subdomain on the localtunnel server (default is random characters)\n* `--local-host` proxy to a hostname other than localhost\n\n## API ##\n\nThe localtunnel client is also usable through an API (for test integration, automation, etc)\n\n### localtunnel(port [,opts], fn)\n\nCreates a new localtunnel to the specified local `port`. `fn` will be called once you have been assigned a public localtunnel url. `opts` can be used to request a specific `subdomain`.\n\n```javascript\nvar localtunnel = require(\'localtunnel\');\n\nvar tunnel = localtunnel(port, function(err, tunnel) {\n    if (err) ...\n\n    // the assigned public url for your tunnel\n    // i.e. https://abcdefgjhij.localtunnel.me\n    tunnel.url;\n});\n\ntunnel.on(\'close\', function() {\n    // tunnels are closed\n});\n```\n\n### opts\n\n* `subdomain` A *string* value requesting a specific subdomain on the proxy server. **Note** You may not actually receive this name depending on availablily.\n* `local_host` Proxy to this hostname instead of `localhost`. This will also cause the `Host` header to be re-written to this value in proxied requests.\n\n### Tunnel\n\nThe `tunnel` instance returned to your callback emits the following events\n\n|event|args|description|\n|----|----|----|\n|error|err|fires when an error happens on the tunnel|\n|close||fires when the tunnel has closed|\n\nThe `tunnel` instance has the following methods\n\n|method|args|description|\n|----|----|----|\n|close||close the tunnel|\n\n## other clients ##\n\nClients in other languages\n\n*go* [gotunnelme](https://github.com/NoahShen/gotunnelme)\n\n## server ##\n\nSee defunctzombie/localtunnel-server for details on the server that powers localtunnel.\n\n## License ##\nMIT\n',
35 silly resolved     readmeFilename: 'README.md',
35 silly resolved     bugs: { url: 'https://github.com/shtylman/localtunnel/issues' },
35 silly resolved     _id: 'localtunnel@1.8.1',
35 silly resolved     _from: 'localtunnel@' } ]
36 info install localtunnel@1.8.1 into /usr/local/lib
37 info installOne localtunnel@1.8.1
38 info /usr/local/lib/node_modules/localtunnel unbuild
39 info preuninstall localtunnel@1.8.1
40 info uninstall localtunnel@1.8.1
41 verbose true,/usr/local/lib/node_modules,/usr/local/lib/node_modules unbuild localtunnel@1.8.1
42 verbose /usr/local/bin,[object Object] binRoot
43 info /usr/local/lib/node_modules/localtunnel unbuild
44 info preuninstall localtunnel@1.8.1
45 info uninstall localtunnel@1.8.1
46 verbose true,/usr/local/lib/node_modules,/usr/local/lib/node_modules unbuild localtunnel@1.8.1
47 verbose /usr/local/bin,[object Object] binRoot
48 error error rolling back Error: EACCES, unlink '/usr/local/bin/lt'
48 error error rolling back  localtunnel@1.8.1 { [Error: EACCES, unlink '/usr/local/bin/lt'] errno: 3, code: 'EACCES', path: '/usr/local/bin/lt' }
49 error Error: EACCES, unlink '/usr/local/bin/lt'
49 error  { [Error: EACCES, unlink '/usr/local/bin/lt'] errno: 3, code: 'EACCES', path: '/usr/local/bin/lt' }
50 error Please try running this command again as root/Administrator.
51 error System Linux 3.16.0-76-generic
52 error command "/usr/bin/nodejs" "/usr/bin/npm" "install" "-g" "localtunnel"
53 error cwd /home/shubham/eCommerce/ecomweb
54 error node -v v0.10.25
55 error npm -v 1.3.10
56 error path /usr/local/bin/lt
57 error code EACCES
58 error errno 3
59 error stack Error: EACCES, unlink '/usr/local/bin/lt'
60 verbose exit [ 3, true ]
